  274  pwd
  275  ls
  276  ls
  277  cd trash
  278  ls
  279  pwd
  280  /root/server_lesson/linux_practice2/trash/gizumo2?.md>>.gitignore
  281  ls
  282  pwd
  283  pwd
  284  /root/server_lesson/linux_practice2
  285  ls -a
  286  pwd
  287  cd /root/server_lesson/linux_practice2
  288  ls
  289  ls-a
  290  ls -a
  291  cat .gitignore
  292  vi /root/server_lesson/linux_practice2/.gitignore
  293  /root/server_lesson/linux_practice2/trash/gizumo2?.mdvi /root/server_lesson/linux_practice2/.gitignore
  294  vi /root/server_lesson/linux_practice2/.gitignore
  295  cat /root/server_lesson/linux_practice2/.gitignore
  296  git status
  297  git add .
  298  git status
  299  git commit -m '練習問題2の4gitignore確認用'
  300  git status
  301  git remote add origin　https://github.com/kzuamadraogon/linux_dragon.git
  302  git remote -v
  303  git push origin master
  304  git push origin master
  305  ls
  306  cd trash/
  307  ls
  308  cat .gitignore
  309  pwd
  310  cd/root/server_lesson/linux_practice2
  311  cd /root/server_lesson/linux_practice2
  312  cat .gitignore
  313  vi /root/server_lesson/linux_practice2/.gitignore
  314  cat/root/server_lesson/linux_practice2/.gitignore
  315  cat /root/server_lesson/linux_practice2/.gitignore
  316  git status
  317  git add .
  318  git status
  319  git commit -m ''
  320  git commit -m '練習問題2の４gitignore確認用'
  321  git status
  322  git remote add origin　https://github.com/kzuamadraogon/linux_dragon.git
  323  git remote -v
  324  git push origin master
  325  vi /root/server_lesson/linux_practice2/.gitignore
  326  git add .
  327  git commit -m '練習問題2-4gitignore確認用３'
  328  git remote add origin　https://github.com/kzuamadraogon/linux_dragon.git
  329  git remote -v
  330  git push origin master
  331  vi /root/server_lesson/linux_practice2/.gitignore
  332  git add .
  333  git commit -m '2-4_gitignore_check_4'
  334  git remote add origin https://github.com/kzuamadraogon/linux_dragon.git
  335  git remote -v
  336  git push origin master
  337  vi /root/server_lesson/linux_practice2/.gitignore
  338  git add .
  339  git commit -m '2-4_gitignore_check_5'
  340  git remote -v
  341  git push origin master
  342  ls
  343  cd trash/
  344  pwd
  345  ls
  346  vi /root/server_lesson/linux_practice2/trash/gizumo20.md
  347  git add .
  348  git commit -m '2-4_gitignore_check_6'
  349  git remote -v
  350  git push origin master
  351  vi /root/server_lesson/linux_practice2/trash/.gitignore
  352  vi /
  353  ls
  354  cd root/
  355  ls
  356  cd server_lesson/
  357  ls
  358  rm linux_practice2/trash/.gitignore
  359  ls
  360  ls -a
  361  cd linux_practice2
  362  ls -a
  363  cd trash/
  364  ls
  365  pwd
  366  vi /root/server_lesson/linux_practice2/.gitignore
  367  cd /root/server_lesson
  368  ls
  369  vi README.md
  370  git add .
  371  git commit -m 'OK3'
  372  git remote add origin https://github.com/kzuamadraogon/linux_dragon.git
  373  git remote -v
  374  git push origin master
  375  vi /root/server_lesson/linux_practice2/.gitignore
  376  ls
  377  cd linux_practice2
  378  ls
  379  cdt
  380  cd trash/
  381  pwd
  382  git rm --cached /root/server_lesson/linux_practice2/trash/gizumo{20..29}.md
  383  git rm /root/server_lesson/linux_practice2/trash/.gitignore
  384  ls
  385  ls -a
  386  git add .
  387  git remote add origin https://github.com/kzuamadraogon/linux_dragon.git
  388  git remote -v
  389  git push origin master
  390  git push origin master
  391  git add .
  392  git commit -m 'OK5'
  393  git remote add origin https://github.com/kzuamadraogon/linux_dragon.git
  394  git remote -v
  395  git push origin master
  396  pwd
  397  cd /root/server_lesson/linux_practice2
  398  ls -a
  399  rm .gitignore
  400  ls -a
  401  touch .gitignore
  402  ls -a
  403  pwd
  404  vi /root/server_lesson/linux_practice2/.gitignore
  405  git rm --cached /root/server_lesson/linux_practice2/trash/gizumo{20..29}.md
  406  git add .
  407  git commit -m 'OK6'
  408  git remote add origin https://github.com/kzuamadraogon/linux_dragon.git
  409  git remote -v
  410  git push origin master
  411  ls
  412  cd trash/
  413  ls
  414  pwd
  415  rm /root/server_lesson/linux_practice2/trash/gizumo{20..29}.md
  416  git add .
  417  git commit -m'OK6'
  418  git remote add origin
  419  git remote -v
  420  git push origin master
  421  git add .
  422  git commit -m 'OK7'
  423  git remote add origin
  424  git remote add origin https://github.com/kzuamadraogon/linux_dragon.git
  425  git remote -v
  426  git push origin master
  427  git add .
  428  git commit -m 'OK7'
  429  git remote add origin
  430  git add .
  431  git commit -m 'OK7'
  432  git remote add origin https://github.com/kzuamadraogon/linux_dragon.git
  433  git remote -v
  434  git push origin master
  435  ls
  436  touch gizumo{20..29}.md
  437  ls
  438  git add .
  439  git commit -m 'first commit'
  440  git add .
  441  git commit -m 'OK9'
  442  git remote add origin コ? https://github.com/kzuamadraogon/linux_dragon.git
  443  git remote -v
  444  git push origin master
  445  git add .
  446  git commit -m 'OK10'
  447  git remote add origin https://github.com/kzuamadraogon/linux_dragon.git
  448  git remote -v
  449  git push origin master
  450  git status
  451  rm /root/server_lesson/linux_practice2/trash/gizumo{20..29}.md
  452  git status
  453  git add .
  454  git commit -m 'OK21'
  455  git remote add origin https://github.com/kzuamadraogon/linux_dragon.git
  456  git remote -v
  457  git push origin master
  458  git rm --cached gizumo{20..29}.md
  459  git add .
  460  git commit -m 'OK22'
  461  git remote add origin https://github.com/kzuamadraogon/linux_dragon.git
  462  git remote -v
  463  git push origin master
  464  touch gizumo{20..29}.md
  465  ls
  466  git add .
  467  git commit -m 'OK23'
  468  git remote add origin https://github.com/kzuamadraogon/linux_dragon.git
  469  git remote -v
  470  git push origin master
  471  git rm --cached gizumo{20..29}.md
  472  git push origin master
  473  ls
  474  git remote add origin https://github.com/kzuamadraogon/linux_dragon.git
  475  git status
  476  git add .
  477  git status
  478  pwd
  479  rm /root/server_lesson/linux_practice2/trash/gizumo{20..29}.md
  480  touch gizumo{20..29}.md
  481  ls
  482  git rm --cached gizumo{20..29}.md
  483  git add .
  484  git commit -m 'OK24'
  485  git remote add origin https://github.com/kzuamadraogon/linux_dragon.git
  486  git remote -v
  487  git push origin master
  488  git push origin master
  489  ls
  490  pwd
  491  /root/server_lesson/linux_practice2/trash/gizumo31.md
  492  vi /root/server_lesson/linux_practice2/trash/gizumo31.md
  493  git add .
  494  git commit -m 'OK25'
  495  git remote add origin https://github.com/kzuamadraogon/linux_dragon.git
  496  git remote -v
  497  git push origin master
  498  rm /root/server_lesson/linux_practice2/trash/gizumo{20..29}.md
  499  git add .
  500  git commit -m 'OK26'
  501  git remote add origin https://github.com/kzuamadraogon/linux_dragon.git
  502  git remote -v
  503  git push origin master
  504  pwd
  505  vi /root/server_lesson/linux_practice2/trash/gizumo30.md
  506  git add .
  507  git commit -m 'OK27'
  508  git remote add origin https://github.com/kzuamadraogon/linux_dragon.git
  509  git remote -v
  510  git push origin master
  511  git rm gizumo{20..29}.md
  512  ls
  513  git add .
  514  git commit -m 'OK28'
  515  git remote add origin https://github.com/kzuamadraogon/linux_dragon.git
  516  git remote -v
  517  git push origin master
  518  touch gizumo{20..29}.md
  519  ls
  520  git rm --cached gizumo{20..29}.md
  521  git add .
  522  git commit -m 'OK29'
  523  git commit -m 'OK29'git rm --cached gizumo{20..29}.md
  524  git remote add origin https://github.com/kzuamadraogon/linux_dragon.git
  525  git remote -v
  526  git push origin master
  527  git rm -r --cached .
  528  git add .
  529  git commit -m 'OK30'
  530  git remote add origin https://github.com/kzuamadraogon/linux_dragon.git
  531  git remote -v
  532  git push origin master
  533  pwd
  534  /root/server_lesson/linux_practice2/.gitignore
  535  vi /root/server_lesson/linux_practice2/.gitignore
  536  git rm -r --cached .
  537  git add .
  538  git commit -m 'OK31'
  539  git remote add origin https://github.com/kzuamadraogon/linux_dragon.git
  540  git remote -v
  541  git push origin master
  542  ls
  543  pwd
  544  cd /root/server_lesson/linux_practice2/
  545  rm .gitignore
  546  ls -a
  547  touch .gitignore
  548  ls -a
  549  vi /root/server_lesson/linux_practice2/.gitignore
  550  git add .
  551  git commit -m 'OK32'
  552  git remote add origin https://github.com/kzuamadraogon/linux_dragon.git
  553  git remote -v
  554  git push origin master
  555  history 300
    556  ls
  557  rm exec_command.log
  558  ls
  559  touch exec_command.log
  560  ls
  561  vi exec_command.log 
  562  vi exec_command.log 
  563  git add .
  564  git commit -m 'OK33'
  565  git remote add origin https://github.com/kzuamadraogon/linux_dragon.git
  566  git remote -v
  567  git push origin master
  568  pwd
  569  cd /root/server_lesson/
  570  ls
  571  rm :centos7
  572  ls
  573  history 300


